<?xml version="1.0" encoding="UTF-8"?>
<!-- Generated by org.testng.reporters.JUnitXMLReporter -->
<testsuite hostname="Ilkins-MBP" ignored="0" name="Default test" tests="10" failures="0" timestamp="2020-07-17T23:56:25 CDT" time="543.496" errors="0">
  <testcase name="goToDepositAccountTest" time="34.433" classname="com.digitalbanking.tests.HomePageTest"/>
  <testcase name="goToNewApplicationAccountTest" time="27.725" classname="com.digitalbanking.tests.HomePageTest"/>
  <testcase name="goToNewCheckingAccountTest" time="46.042" classname="com.digitalbanking.tests.HomePageTest"/>
  <testcase name="goToNewSavingAccountTest" time="45.369" classname="com.digitalbanking.tests.HomePageTest"/>
  <testcase name="goToTransferBetweenAccountsTest" time="45.652" classname="com.digitalbanking.tests.HomePageTest"/>
  <testcase name="goToViewCheckingAccountTest" time="67.611" classname="com.digitalbanking.tests.HomePageTest"/>
  <testcase name="goToViewSavingAccountTest" time="109.053" classname="com.digitalbanking.tests.HomePageTest"/>
  <testcase name="goToVisaTransferAccountTest" time="82.662" classname="com.digitalbanking.tests.HomePageTest"/>
  <testcase name="goToWitdrawAccountTest" time="30.466" classname="com.digitalbanking.tests.HomePageTest"/>
  <testcase name="verifyHomePageTest" time="0.055" classname="com.digitalbanking.tests.HomePageTest"/>
</testsuite> <!-- Default test -->
