<?xml version="1.0" encoding="UTF-8"?>
<testng-results ignored="0" total="17" passed="17" failed="0" skipped="0">
  <reporter-output>
  </reporter-output>
  <suite started-at="2020-07-18T18:28:45 CDT" name="Suite" finished-at="2020-07-18T18:33:59 CDT" duration-ms="314056">
    <groups>
    </groups>
    <test started-at="2020-07-18T18:28:45 CDT" name="Register page test" finished-at="2020-07-18T18:29:06 CDT" duration-ms="21332">
      <class name="com.digitalbanking.tests.RegisterPageTest">
        <test-method is-config="true" signature="setup()[pri:0, instance:com.digitalbanking.tests.RegisterPageTest@69fb6037]" started-at="2020-07-18T18:28:45 CDT" name="setup" finished-at="2020-07-18T18:28:52 CDT" duration-ms="6761" status="PASS">
          <reporter-output>
          </reporter-output>
        </test-method> <!-- setup -->
        <test-method is-config="true" signature="setHomePage()[pri:0, instance:com.digitalbanking.tests.RegisterPageTest@69fb6037]" started-at="2020-07-18T18:28:52 CDT" name="setHomePage" finished-at="2020-07-18T18:28:52 CDT" duration-ms="0" status="PASS">
          <reporter-output>
          </reporter-output>
        </test-method> <!-- setHomePage -->
        <test-method signature="registerNewUserTest(java.lang.String, java.lang.String, java.lang.String, java.lang.String, java.lang.String, java.lang.String, java.lang.String, java.lang.String, java.lang.String, java.lang.String, java.lang.String, java.lang.String, java.lang.String, java.lang.String, java.lang.String, java.lang.String)[pri:0, instance:com.digitalbanking.tests.RegisterPageTest@69fb6037]" started-at="2020-07-18T18:28:52 CDT" name="registerNewUserTest" data-provider="getUserData" finished-at="2020-07-18T18:29:06 CDT" duration-ms="14014" status="PASS">
          <params>
            <param index="0">
              <value>
                <![CDATA[Mrs.]]>
              </value>
            </param>
            <param index="1">
              <value>
                <![CDATA[Eli]]>
              </value>
            </param>
            <param index="2">
              <value>
                <![CDATA[Joy]]>
              </value>
            </param>
            <param index="3">
              <value>
                <![CDATA[F]]>
              </value>
            </param>
            <param index="4">
              <value>
                <![CDATA[01/05/1983]]>
              </value>
            </param>
            <param index="5">
              <value>
                <![CDATA[123-45-4299]]>
              </value>
            </param>
            <param index="6">
              <value>
                <![CDATA[el05@gmail.com]]>
              </value>
            </param>
            <param index="7">
              <value>
                <![CDATA[Test1234]]>
              </value>
            </param>
            <param index="8">
              <value>
                <![CDATA[123 Sherman Rd.]]>
              </value>
            </param>
            <param index="9">
              <value>
                <![CDATA[Dallas]]>
              </value>
            </param>
            <param index="10">
              <value>
                <![CDATA[TX]]>
              </value>
            </param>
            <param index="11">
              <value>
                <![CDATA[76155.0]]>
              </value>
            </param>
            <param index="12">
              <value>
                <![CDATA[US]]>
              </value>
            </param>
            <param index="13">
              <value>
                <![CDATA[(121)123-5412]]>
              </value>
            </param>
            <param index="14">
              <value>
                <![CDATA[(121)123-5412]]>
              </value>
            </param>
            <param index="15">
              <value>
                <![CDATA[(121)123-5412]]>
              </value>
            </param>
          </params>
          <reporter-output>
          </reporter-output>
        </test-method> <!-- registerNewUserTest -->
        <test-method is-config="true" signature="tearDown()[pri:0, instance:com.digitalbanking.tests.RegisterPageTest@69fb6037]" started-at="2020-07-18T18:29:06 CDT" name="tearDown" finished-at="2020-07-18T18:29:06 CDT" duration-ms="127" status="PASS">
          <reporter-output>
          </reporter-output>
        </test-method> <!-- tearDown -->
      </class> <!-- com.digitalbanking.tests.RegisterPageTest -->
    </test> <!-- Register page test -->
    <test started-at="2020-07-18T18:29:06 CDT" name="NewCheckingAccountPage page test" finished-at="2020-07-18T18:29:34 CDT" duration-ms="27982">
      <class name="com.digitalbanking.tests.NewCheckingAccountPageTest">
        <test-method is-config="true" signature="setup()[pri:0, instance:com.digitalbanking.tests.NewCheckingAccountPageTest@2177849e]" started-at="2020-07-18T18:29:06 CDT" name="setup" finished-at="2020-07-18T18:29:12 CDT" duration-ms="6013" status="PASS">
          <reporter-output>
          </reporter-output>
        </test-method> <!-- setup -->
        <test-method is-config="true" signature="setHomePage()[pri:0, instance:com.digitalbanking.tests.NewCheckingAccountPageTest@2177849e]" started-at="2020-07-18T18:29:12 CDT" name="setHomePage" finished-at="2020-07-18T18:29:26 CDT" duration-ms="13657" status="PASS">
          <reporter-output>
          </reporter-output>
        </test-method> <!-- setHomePage -->
        <test-method signature="openNewCheckingAccountPageTest()[pri:0, instance:com.digitalbanking.tests.NewCheckingAccountPageTest@2177849e]" started-at="2020-07-18T18:29:26 CDT" name="openNewCheckingAccountPageTest" finished-at="2020-07-18T18:29:34 CDT" duration-ms="8185" status="PASS">
          <reporter-output>
          </reporter-output>
        </test-method> <!-- openNewCheckingAccountPageTest -->
        <test-method is-config="true" signature="tearDown()[pri:0, instance:com.digitalbanking.tests.NewCheckingAccountPageTest@2177849e]" started-at="2020-07-18T18:29:34 CDT" name="tearDown" finished-at="2020-07-18T18:29:34 CDT" duration-ms="125" status="PASS">
          <reporter-output>
          </reporter-output>
        </test-method> <!-- tearDown -->
      </class> <!-- com.digitalbanking.tests.NewCheckingAccountPageTest -->
    </test> <!-- NewCheckingAccountPage page test -->
    <test started-at="2020-07-18T18:29:34 CDT" name="NewSavingAccount page test" finished-at="2020-07-18T18:30:01 CDT" duration-ms="26782">
      <class name="com.digitalbanking.tests.NewSavingAccountPageTest">
        <test-method is-config="true" signature="setup()[pri:0, instance:com.digitalbanking.tests.NewSavingAccountPageTest@5fa07e12]" started-at="2020-07-18T18:29:34 CDT" name="setup" finished-at="2020-07-18T18:29:38 CDT" duration-ms="3719" status="PASS">
          <reporter-output>
          </reporter-output>
        </test-method> <!-- setup -->
        <test-method is-config="true" signature="setHomePage()[pri:0, instance:com.digitalbanking.tests.NewSavingAccountPageTest@5fa07e12]" started-at="2020-07-18T18:29:38 CDT" name="setHomePage" finished-at="2020-07-18T18:29:52 CDT" duration-ms="14057" status="PASS">
          <reporter-output>
          </reporter-output>
        </test-method> <!-- setHomePage -->
        <test-method signature="openNewSavingAccountTest()[pri:0, instance:com.digitalbanking.tests.NewSavingAccountPageTest@5fa07e12]" started-at="2020-07-18T18:29:52 CDT" name="openNewSavingAccountTest" finished-at="2020-07-18T18:30:01 CDT" duration-ms="8882" status="PASS">
          <reporter-output>
          </reporter-output>
        </test-method> <!-- openNewSavingAccountTest -->
        <test-method is-config="true" signature="tearDown()[pri:0, instance:com.digitalbanking.tests.NewSavingAccountPageTest@5fa07e12]" started-at="2020-07-18T18:30:01 CDT" name="tearDown" finished-at="2020-07-18T18:30:01 CDT" duration-ms="123" status="PASS">
          <reporter-output>
          </reporter-output>
        </test-method> <!-- tearDown -->
      </class> <!-- com.digitalbanking.tests.NewSavingAccountPageTest -->
    </test> <!-- NewSavingAccount page test -->
    <test started-at="2020-07-18T18:30:01 CDT" name="WithdrawPage page test" finished-at="2020-07-18T18:30:31 CDT" duration-ms="30194">
      <class name="com.digitalbanking.tests.WithdrawPageTest">
        <test-method is-config="true" signature="setup()[pri:0, instance:com.digitalbanking.tests.WithdrawPageTest@3972a855]" started-at="2020-07-18T18:30:01 CDT" name="setup" finished-at="2020-07-18T18:30:05 CDT" duration-ms="3378" status="PASS">
          <reporter-output>
          </reporter-output>
        </test-method> <!-- setup -->
        <test-method is-config="true" signature="setHomePage()[pri:0, instance:com.digitalbanking.tests.WithdrawPageTest@3972a855]" started-at="2020-07-18T18:30:05 CDT" name="setHomePage" finished-at="2020-07-18T18:30:20 CDT" duration-ms="15573" status="PASS">
          <reporter-output>
          </reporter-output>
        </test-method> <!-- setHomePage -->
        <test-method signature="transferMoneyTest()[pri:0, instance:com.digitalbanking.tests.WithdrawPageTest@3972a855]" started-at="2020-07-18T18:30:20 CDT" name="transferMoneyTest" finished-at="2020-07-18T18:30:31 CDT" duration-ms="11118" status="PASS">
          <reporter-output>
          </reporter-output>
        </test-method> <!-- transferMoneyTest -->
        <test-method is-config="true" signature="tearDown()[pri:0, instance:com.digitalbanking.tests.WithdrawPageTest@3972a855]" started-at="2020-07-18T18:30:31 CDT" name="tearDown" finished-at="2020-07-18T18:30:31 CDT" duration-ms="125" status="PASS">
          <reporter-output>
          </reporter-output>
        </test-method> <!-- tearDown -->
      </class> <!-- com.digitalbanking.tests.WithdrawPageTest -->
    </test> <!-- WithdrawPage page test -->
    <test started-at="2020-07-18T18:30:31 CDT" name="LoginTest page test" finished-at="2020-07-18T18:30:50 CDT" duration-ms="18913">
      <class name="com.digitalbanking.tests.LoginTest">
        <test-method is-config="true" signature="setup()[pri:0, instance:com.digitalbanking.tests.LoginTest@19d481b]" started-at="2020-07-18T18:30:31 CDT" name="setup" finished-at="2020-07-18T18:30:35 CDT" duration-ms="3377" status="PASS">
          <reporter-output>
          </reporter-output>
        </test-method> <!-- setup -->
        <test-method signature="loginAUserTest()[pri:0, instance:com.digitalbanking.tests.LoginTest@19d481b]" started-at="2020-07-18T18:30:35 CDT" name="loginAUserTest" finished-at="2020-07-18T18:30:50 CDT" duration-ms="15415" status="PASS">
          <reporter-output>
          </reporter-output>
        </test-method> <!-- loginAUserTest -->
        <test-method is-config="true" signature="tearDown()[pri:0, instance:com.digitalbanking.tests.LoginTest@19d481b]" started-at="2020-07-18T18:30:50 CDT" name="tearDown" finished-at="2020-07-18T18:30:50 CDT" duration-ms="121" status="PASS">
          <reporter-output>
          </reporter-output>
        </test-method> <!-- tearDown -->
      </class> <!-- com.digitalbanking.tests.LoginTest -->
    </test> <!-- LoginTest page test -->
    <test started-at="2020-07-18T18:30:50 CDT" name="DepositPage page test" finished-at="2020-07-18T18:31:15 CDT" duration-ms="25058">
      <class name="com.digitalbanking.tests.DepositPageTest">
        <test-method is-config="true" signature="setup()[pri:0, instance:com.digitalbanking.tests.DepositPageTest@2e222612]" started-at="2020-07-18T18:30:50 CDT" name="setup" finished-at="2020-07-18T18:30:54 CDT" duration-ms="3771" status="PASS">
          <reporter-output>
          </reporter-output>
        </test-method> <!-- setup -->
        <test-method is-config="true" signature="setHomePage()[pri:0, instance:com.digitalbanking.tests.DepositPageTest@2e222612]" started-at="2020-07-18T18:30:54 CDT" name="setHomePage" finished-at="2020-07-18T18:31:07 CDT" duration-ms="12534" status="PASS">
          <reporter-output>
          </reporter-output>
        </test-method> <!-- setHomePage -->
        <test-method signature="doDepositTest()[pri:0, instance:com.digitalbanking.tests.DepositPageTest@2e222612]" started-at="2020-07-18T18:31:07 CDT" name="doDepositTest" finished-at="2020-07-18T18:31:15 CDT" duration-ms="8658" status="PASS">
          <reporter-output>
          </reporter-output>
        </test-method> <!-- doDepositTest -->
        <test-method is-config="true" signature="tearDown()[pri:0, instance:com.digitalbanking.tests.DepositPageTest@2e222612]" started-at="2020-07-18T18:31:15 CDT" name="tearDown" finished-at="2020-07-18T18:31:15 CDT" duration-ms="94" status="PASS">
          <reporter-output>
          </reporter-output>
        </test-method> <!-- tearDown -->
      </class> <!-- com.digitalbanking.tests.DepositPageTest -->
    </test> <!-- DepositPage page test -->
    <test started-at="2020-07-18T18:31:15 CDT" name="TransferMoney page test" finished-at="2020-07-18T18:31:51 CDT" duration-ms="35966">
      <class name="com.digitalbanking.tests.TransferMoneyPageTest">
        <test-method is-config="true" signature="setup()[pri:0, instance:com.digitalbanking.tests.TransferMoneyPageTest@10959ece]" started-at="2020-07-18T18:31:15 CDT" name="setup" finished-at="2020-07-18T18:31:26 CDT" duration-ms="10720" status="PASS">
          <reporter-output>
          </reporter-output>
        </test-method> <!-- setup -->
        <test-method is-config="true" signature="setHomePage()[pri:0, instance:com.digitalbanking.tests.TransferMoneyPageTest@10959ece]" started-at="2020-07-18T18:31:26 CDT" name="setHomePage" finished-at="2020-07-18T18:31:42 CDT" duration-ms="15695" status="PASS">
          <reporter-output>
          </reporter-output>
        </test-method> <!-- setHomePage -->
        <test-method signature="transferMoneyTest()[pri:0, instance:com.digitalbanking.tests.TransferMoneyPageTest@10959ece]" started-at="2020-07-18T18:31:42 CDT" name="transferMoneyTest" finished-at="2020-07-18T18:31:51 CDT" duration-ms="9432" status="PASS">
          <reporter-output>
          </reporter-output>
        </test-method> <!-- transferMoneyTest -->
        <test-method is-config="true" signature="tearDown()[pri:0, instance:com.digitalbanking.tests.TransferMoneyPageTest@10959ece]" started-at="2020-07-18T18:31:51 CDT" name="tearDown" finished-at="2020-07-18T18:31:51 CDT" duration-ms="118" status="PASS">
          <reporter-output>
          </reporter-output>
        </test-method> <!-- tearDown -->
      </class> <!-- com.digitalbanking.tests.TransferMoneyPageTest -->
    </test> <!-- TransferMoney page test -->
    <test started-at="2020-07-18T18:31:51 CDT" name="HomePage page test" finished-at="2020-07-18T18:33:59 CDT" duration-ms="127749">
      <class name="com.digitalbanking.tests.HomePageTest">
        <test-method is-config="true" signature="setup()[pri:0, instance:com.digitalbanking.tests.HomePageTest@41fecb8b]" started-at="2020-07-18T18:31:51 CDT" name="setup" finished-at="2020-07-18T18:31:57 CDT" duration-ms="5171" status="PASS">
          <reporter-output>
          </reporter-output>
        </test-method> <!-- setup -->
        <test-method is-config="true" signature="setHomePage()[pri:0, instance:com.digitalbanking.tests.HomePageTest@41fecb8b]" started-at="2020-07-18T18:31:57 CDT" name="setHomePage" finished-at="2020-07-18T18:32:08 CDT" duration-ms="11305" status="PASS">
          <reporter-output>
          </reporter-output>
        </test-method> <!-- setHomePage -->
        <test-method signature="goToDepositAccountTest()[pri:0, instance:com.digitalbanking.tests.HomePageTest@41fecb8b]" started-at="2020-07-18T18:32:08 CDT" name="goToDepositAccountTest" finished-at="2020-07-18T18:32:18 CDT" duration-ms="9804" status="PASS">
          <reporter-output>
          </reporter-output>
        </test-method> <!-- goToDepositAccountTest -->
        <test-method signature="goToNewApplicationAccountTest()[pri:0, instance:com.digitalbanking.tests.HomePageTest@41fecb8b]" started-at="2020-07-18T18:32:18 CDT" name="goToNewApplicationAccountTest" finished-at="2020-07-18T18:32:27 CDT" duration-ms="9013" status="PASS">
          <reporter-output>
          </reporter-output>
        </test-method> <!-- goToNewApplicationAccountTest -->
        <test-method signature="goToNewCheckingAccountTest()[pri:0, instance:com.digitalbanking.tests.HomePageTest@41fecb8b]" started-at="2020-07-18T18:32:27 CDT" name="goToNewCheckingAccountTest" finished-at="2020-07-18T18:32:36 CDT" duration-ms="9085" status="PASS">
          <reporter-output>
          </reporter-output>
        </test-method> <!-- goToNewCheckingAccountTest -->
        <test-method signature="goToNewSavingAccountTest()[pri:0, instance:com.digitalbanking.tests.HomePageTest@41fecb8b]" started-at="2020-07-18T18:32:36 CDT" name="goToNewSavingAccountTest" finished-at="2020-07-18T18:32:49 CDT" duration-ms="13256" status="PASS">
          <reporter-output>
          </reporter-output>
        </test-method> <!-- goToNewSavingAccountTest -->
        <test-method signature="goToTransferBetweenAccountsTest()[pri:0, instance:com.digitalbanking.tests.HomePageTest@41fecb8b]" started-at="2020-07-18T18:32:49 CDT" name="goToTransferBetweenAccountsTest" finished-at="2020-07-18T18:33:13 CDT" duration-ms="23477" status="PASS">
          <reporter-output>
          </reporter-output>
        </test-method> <!-- goToTransferBetweenAccountsTest -->
        <test-method signature="goToViewCheckingAccountTest()[pri:0, instance:com.digitalbanking.tests.HomePageTest@41fecb8b]" started-at="2020-07-18T18:33:13 CDT" name="goToViewCheckingAccountTest" finished-at="2020-07-18T18:33:29 CDT" duration-ms="16606" status="PASS">
          <reporter-output>
          </reporter-output>
        </test-method> <!-- goToViewCheckingAccountTest -->
        <test-method signature="goToViewSavingAccountTest()[pri:0, instance:com.digitalbanking.tests.HomePageTest@41fecb8b]" started-at="2020-07-18T18:33:29 CDT" name="goToViewSavingAccountTest" finished-at="2020-07-18T18:33:42 CDT" duration-ms="12915" status="PASS">
          <reporter-output>
          </reporter-output>
        </test-method> <!-- goToViewSavingAccountTest -->
        <test-method signature="goToVisaTransferAccountTest()[pri:0, instance:com.digitalbanking.tests.HomePageTest@41fecb8b]" started-at="2020-07-18T18:33:42 CDT" name="goToVisaTransferAccountTest" finished-at="2020-07-18T18:33:52 CDT" duration-ms="9973" status="PASS">
          <reporter-output>
          </reporter-output>
        </test-method> <!-- goToVisaTransferAccountTest -->
        <test-method signature="goToWitdrawAccountTest()[pri:0, instance:com.digitalbanking.tests.HomePageTest@41fecb8b]" started-at="2020-07-18T18:33:52 CDT" name="goToWitdrawAccountTest" finished-at="2020-07-18T18:33:59 CDT" duration-ms="6913" status="PASS">
          <reporter-output>
          </reporter-output>
        </test-method> <!-- goToWitdrawAccountTest -->
        <test-method signature="verifyHomePageTest()[pri:1, instance:com.digitalbanking.tests.HomePageTest@41fecb8b]" started-at="2020-07-18T18:33:59 CDT" name="verifyHomePageTest" finished-at="2020-07-18T18:33:59 CDT" duration-ms="26" status="PASS">
          <reporter-output>
          </reporter-output>
        </test-method> <!-- verifyHomePageTest -->
        <test-method is-config="true" signature="tearDown()[pri:0, instance:com.digitalbanking.tests.HomePageTest@41fecb8b]" started-at="2020-07-18T18:33:59 CDT" name="tearDown" finished-at="2020-07-18T18:33:59 CDT" duration-ms="196" status="PASS">
          <reporter-output>
          </reporter-output>
        </test-method> <!-- tearDown -->
      </class> <!-- com.digitalbanking.tests.HomePageTest -->
    </test> <!-- HomePage page test -->
  </suite> <!-- Suite -->
</testng-results>
