<?xml version="1.0" encoding="UTF-8"?>
<testsuite xmlns:xsi="http://www.w3.org/2001/XMLSchema-instance" xsi:noNamespaceSchemaLocation="https://maven.apache.org/surefire/maven-surefire-plugin/xsd/surefire-test-report.xsd" name="TestSuite" time="314.361" tests="17" errors="0" skipped="0" failures="0">
  <properties>
[...]
</properties>
  <testcase name="registerNewUserTest" classname="com.digitalbanking.tests.RegisterPageTest" time="14.02"/>
  <testcase name="openNewCheckingAccountPageTest" classname="com.digitalbanking.tests.NewCheckingAccountPageTest" time="8.185"/>
  <testcase name="openNewSavingAccountTest" classname="com.digitalbanking.tests.NewSavingAccountPageTest" time="8.882"/>
  <testcase name="transferMoneyTest" classname="com.digitalbanking.tests.WithdrawPageTest" time="11.118"/>
  <testcase name="loginAUserTest" classname="com.digitalbanking.tests.LoginTest" time="15.415"/>
  <testcase name="doDepositTest" classname="com.digitalbanking.tests.DepositPageTest" time="8.659"/>
  <testcase name="transferMoneyTest" classname="com.digitalbanking.tests.TransferMoneyPageTest" time="9.433"/>
  <testcase name="goToDepositAccountTest" classname="com.digitalbanking.tests.HomePageTest" time="9.804"/>
  <testcase name="goToNewApplicationAccountTest" classname="com.digitalbanking.tests.HomePageTest" time="9.014"/>
  <testcase name="goToNewCheckingAccountTest" classname="com.digitalbanking.tests.HomePageTest" time="9.085"/>
  <testcase name="goToNewSavingAccountTest" classname="com.digitalbanking.tests.HomePageTest" time="13.256"/>
  <testcase name="goToTransferBetweenAccountsTest" classname="com.digitalbanking.tests.HomePageTest" time="23.476"/>
  <testcase name="goToViewCheckingAccountTest" classname="com.digitalbanking.tests.HomePageTest" time="16.606"/>
  <testcase name="goToViewSavingAccountTest" classname="com.digitalbanking.tests.HomePageTest" time="12.916"/>
  <testcase name="goToVisaTransferAccountTest" classname="com.digitalbanking.tests.HomePageTest" time="9.974"/>
  <testcase name="goToWitdrawAccountTest" classname="com.digitalbanking.tests.HomePageTest" time="6.913"/>
  <testcase name="verifyHomePageTest" classname="com.digitalbanking.tests.HomePageTest" time="0.026"/>
</testsuite>