<?xml version="1.0" encoding="UTF-8"?>
<!-- Generated by org.testng.reporters.JUnitXMLReporter -->
<testsuite ignored="0" hostname="Ilkins-MBP" failures="0" tests="10" name="HomePage page test" time="127.749" errors="0" timestamp="2020-07-18T18:33:59 CDT">
  <testcase classname="com.digitalbanking.tests.HomePageTest" name="goToDepositAccountTest" time="9.804"/>
  <testcase classname="com.digitalbanking.tests.HomePageTest" name="goToNewApplicationAccountTest" time="9.013"/>
  <testcase classname="com.digitalbanking.tests.HomePageTest" name="goToNewCheckingAccountTest" time="9.085"/>
  <testcase classname="com.digitalbanking.tests.HomePageTest" name="goToNewSavingAccountTest" time="13.256"/>
  <testcase classname="com.digitalbanking.tests.HomePageTest" name="goToTransferBetweenAccountsTest" time="23.477"/>
  <testcase classname="com.digitalbanking.tests.HomePageTest" name="goToViewCheckingAccountTest" time="16.606"/>
  <testcase classname="com.digitalbanking.tests.HomePageTest" name="goToViewSavingAccountTest" time="12.915"/>
  <testcase classname="com.digitalbanking.tests.HomePageTest" name="goToVisaTransferAccountTest" time="9.973"/>
  <testcase classname="com.digitalbanking.tests.HomePageTest" name="goToWitdrawAccountTest" time="6.913"/>
  <testcase classname="com.digitalbanking.tests.HomePageTest" name="verifyHomePageTest" time="0.026"/>
</testsuite> <!-- HomePage page test -->
