<?xml version="1.0" encoding="UTF-8"?>
<!-- Generated by org.testng.reporters.JUnitXMLReporter -->
<testsuite hostname="Ilkins-MBP" ignored="0" name="HomePage page test" tests="10" failures="0" timestamp="2020-07-18T09:28:47 CDT" time="55.928" errors="0">
  <testcase name="goToDepositAccountTest" time="5.57" classname="com.digitalbanking.tests.HomePageTest"/>
  <testcase name="goToNewApplicationAccountTest" time="5.17" classname="com.digitalbanking.tests.HomePageTest"/>
  <testcase name="goToNewCheckingAccountTest" time="4.587" classname="com.digitalbanking.tests.HomePageTest"/>
  <testcase name="goToNewSavingAccountTest" time="4.889" classname="com.digitalbanking.tests.HomePageTest"/>
  <testcase name="goToTransferBetweenAccountsTest" time="5.548" classname="com.digitalbanking.tests.HomePageTest"/>
  <testcase name="goToViewCheckingAccountTest" time="6.311" classname="com.digitalbanking.tests.HomePageTest"/>
  <testcase name="goToViewSavingAccountTest" time="5.911" classname="com.digitalbanking.tests.HomePageTest"/>
  <testcase name="goToVisaTransferAccountTest" time="4.758" classname="com.digitalbanking.tests.HomePageTest"/>
  <testcase name="goToWitdrawAccountTest" time="5.435" classname="com.digitalbanking.tests.HomePageTest"/>
  <testcase name="verifyHomePageTest" time="0.036" classname="com.digitalbanking.tests.HomePageTest"/>
</testsuite> <!-- HomePage page test -->
